heartbeat;E:\____________Venud_Msft\WordsTest\WordsAPI\WordAPI.cs;69;11/13/2014 6:23:08 PM
heartbeat;E:\____________Venud_Msft\WordsTest\WordsAPI\WordAPI.cs;63;11/13/2014 6:23:14 PM
heartbeat;E:\____________Venud_Msft\WordsTest\WordsTest\Program.cs;24;11/13/2014 6:23:27 PM
heartbeat;E:\____________Venud_Msft\WordsTest\WordsTest\Program.cs;5;11/13/2014 6:23:39 PM
heartbeat;E:\____________Venud_Msft\WordsTest\WordsAPI\WordAPI.cs;69;11/13/2014 6:23:40 PM
heartbeat;E:\____________Venud_Msft\WordsTest\WordsAPI\WordAPI.cs;71;11/13/2014 6:23:41 PM
heartbeat;E:\____________Venud_Msft\WordsTest\WordsTest\Program.cs;35;11/13/2014 6:23:53 PM
heartbeat;E:\____________Venud_Msft\WordsTest\WordsTest\Program.cs;9;11/13/2014 6:24:22 PM
heartbeat;E:\____________Venud_Msft\WordsTest\WordsTest\Program.cs;9;11/22/2014 12:45:37 AM
heartbeat;E:\____________Venud_Msft\WordsTest\WordsTest\Program.cs;11;11/22/2014 12:46:04 AM
heartbeat;E:\____________Venud_Msft\WordsTest\WordsTest\Program.cs;25;11/22/2014 12:46:10 AM
heartbeat;E:\____________Venud_Msft\WordsTest\WordsTest\Program.cs;17;11/22/2014 12:46:10 AM
heartbeat;E:\____________Venud_Msft\WordsTest\WordsTest\Program.cs;25;11/22/2014 12:46:12 AM
heartbeat;E:\____________Venud_Msft\WordsTest\WordsTest\Program.cs;29;11/22/2014 12:46:13 AM
heartbeat;E:\____________Venud_Msft\WordsTest\WordsTest\Program.cs;34;11/22/2014 12:46:14 AM
heartbeat;E:\____________Venud_Msft\WordsTest\WordsTest\Program.cs;31;11/22/2014 12:46:17 AM
heartbeat;E:\____________Venud_Msft\WordsTest\WordsTest\Program.cs;15;11/22/2014 12:46:22 AM
heartbeat;E:\____________Venud_Msft\WordsTest\WordsAPI\WordAPI.cs;51;11/22/2014 12:46:25 AM
heartbeat;E:\____________Venud_Msft\WordsTest\WordsAPI\WordAPI.cs;47;11/22/2014 12:56:26 AM
heartbeat;E:\____________Venud_Msft\WordsTest\WordsAPI\WordAPI.cs;54;11/22/2014 12:56:31 AM
heartbeat;E:\____________Venud_Msft\WordsTest\WordsAPI\WordAPI.cs;57;11/22/2014 12:56:33 AM
heartbeat;E:\____________Venud_Msft\WordsTest\WordsAPI\WordAPI.cs;29;11/22/2014 12:56:45 AM
heartbeat;E:\____________Venud_Msft\WordsTest\WordsAPI\WordAPI.cs;26;11/22/2014 12:56:54 AM
heartbeat;E:\____________Venud_Msft\WordsTest\WordsAPI\WordAPI.cs;28;11/22/2014 12:57:05 AM
heartbeat;E:\____________Venud_Msft\WordsTest\WordsAPI\WordAPI.cs;37;11/22/2014 12:57:06 AM
heartbeat;E:\____________Venud_Msft\WordsTest\WordsAPI\WordAPI.cs;27;11/22/2014 12:57:25 AM
heartbeat;E:\____________Venud_Msft\WordsTest\WordsAPI\WordAPI.cs;31;11/22/2014 12:59:16 AM
heartbeat;E:\____________Venud_Msft\WordsTest\WordsAPI\WordAPI.cs;27;11/22/2014 1:01:30 AM
heartbeat;E:\____________Venud_Msft\WordsTest\WordsAPI\WordAPI.cs;35;11/22/2014 1:03:35 AM
heartbeat;E:\____________Venud_Msft\WordsTest\WordsAPI\WordAPI.cs;25;11/22/2014 1:03:44 AM
heartbeat;E:\____________Venud_Msft\WordsTest\WordsAPI\Dictionary\R.txt;9;11/22/2014 1:03:57 AM
heartbeat;E:\____________Venud_Msft\WordsTest\WordsAPI\Dictionary\R.txt;122;11/22/2014 1:03:58 AM
heartbeat;E:\____________Venud_Msft\WordsTest\WordsAPI\Dictionary\R.txt;777;11/22/2014 1:03:58 AM
heartbeat;E:\____________Venud_Msft\WordsTest\WordsAPI\Dictionary\R.txt;5766;11/22/2014 1:03:59 AM
heartbeat;E:\____________Venud_Msft\WordsTest\WordsAPI\Dictionary\R.txt;5774;11/22/2014 1:03:59 AM
heartbeat;E:\____________Venud_Msft\WordsTest\WordsAPI\Dictionary\R.txt;5777;11/22/2014 1:03:59 AM
heartbeat;E:\____________Venud_Msft\WordsTest\WordsAPI\Dictionary\R.txt;5778;11/22/2014 1:04:14 AM
heartbeat;E:\____________Venud_Msft\WordsTest\WordsAPI\Dictionary\R.txt;5766;11/22/2014 1:04:22 AM
heartbeat;E:\____________Venud_Msft\WordsTest\WordsAPI\WordAPI.cs;33;11/22/2014 1:04:24 AM
heartbeat;E:\____________Venud_Msft\WordsTest\WordsAPI\WordAPI.cs;36;11/22/2014 1:05:07 AM
heartbeat;E:\____________Venud_Msft\WordsTest\WordsAPI\WordAPI.cs;26;11/22/2014 1:09:04 AM
heartbeat;E:\____________Venud_Msft\WordsTest\WordsAPI\Dictionary\K.txt;17;11/22/2014 1:09:08 AM
heartbeat;E:\____________Venud_Msft\WordsTest\WordsAPI\Dictionary\K.txt;178;11/22/2014 1:09:10 AM
heartbeat;E:\____________Venud_Msft\WordsTest\WordsAPI\Dictionary\K.txt;182;11/22/2014 1:09:14 AM
heartbeat;E:\____________Venud_Msft\WordsTest\WordsAPI\Dictionary\K.txt;191;11/22/2014 1:09:30 AM
heartbeat;E:\____________Venud_Msft\WordsTest\WordsAPI\Dictionary\W.txt;15;11/22/2014 1:25:40 AM
heartbeat;E:\____________Venud_Msft\WordsTest\WordsAPI\Dictionary\W.txt;691;11/22/2014 1:25:43 AM
heartbeat;E:\____________Venud_Msft\WordsTest\WordsAPI\Dictionary\W.txt;799;11/22/2014 1:25:44 AM
heartbeat;E:\____________Venud_Msft\WordsTest\WordsAPI\Dictionary\W.txt;779;11/22/2014 1:28:13 AM
heartbeat;E:\____________Venud_Msft\WordsTest\WordsAPI\Dictionary\W.txt;782;11/22/2014 1:28:14 AM
heartbeat;E:\____________Venud_Msft\WordsTest\WordsAPI\Dictionary\W.txt;771;11/22/2014 1:36:30 AM
